<?xml version="1.0" encoding="UTF-8"?>
<!-- Generated by org.testng.reporters.JUnitReportReporter -->
<testsuite hostname="Hrka-PC" failures="0" tests="1" name="com.httpMethods.GetMethodScenarios" time="2.864" errors="0" timestamp="2024-10-08T10:38:35 EDT" skipped="0">
  <testcase classname="com.httpMethods.GetMethodScenarios" name="getMethodWithoutBDD" time="2.864"/>
  <system-out/>
</testsuite> <!-- com.httpMethods.GetMethodScenarios -->
